[debug] [2022-10-18T16:43:10.615Z] ----------------------------------------------------------------------
[debug] [2022-10-18T16:43:10.618Z] Command:       C:\Program Files\nodejs\node.exe C:\Users\DELL\AppData\Roaming\npm\node_modules\firebase-tools\lib\bin\firebase.js init
[debug] [2022-10-18T16:43:10.618Z] CLI Version:   11.15.0
[debug] [2022-10-18T16:43:10.619Z] Platform:      win32
[debug] [2022-10-18T16:43:10.619Z] Node Version:  v16.16.0
[debug] [2022-10-18T16:43:10.620Z] Time:          Tue Oct 18 2022 17:43:10 GMT+0100 (West Africa Standard Time)
[debug] [2022-10-18T16:43:10.620Z] ----------------------------------------------------------------------
[debug] 
[debug] [2022-10-18T16:43:10.631Z] > command requires scopes: ["email","openid","https://www.googleapis.com/auth/cloudplatformprojects.readonly","https://www.googleapis.com/auth/firebase","https://www.googleapis.com/auth/cloud-platform"]
[debug] [2022-10-18T16:43:10.632Z] > authorizing via signed-in user (aeben.adebanjo@gmail.com)
[info] 
     ######## #### ########  ######## ########     ###     ######  ########
     ##        ##  ##     ## ##       ##     ##  ##   ##  ##       ##
     ######    ##  ########  ######   ########  #########  ######  ######
     ##        ##  ##    ##  ##       ##     ## ##     ##       ## ##
     ##       #### ##     ## ######## ########  ##     ##  ######  ########

You're about to initialize a Firebase project in this directory:

  C:\Users\DELL\Documents\auth-alpine

[info] 
=== Project Setup
[info] 
[info] First, let's associate this project directory with a Firebase project.
[info] You can create multiple project aliases by running firebase use --add, 
[info] but for now we'll just set up a default project.
[info] 
[debug] [2022-10-18T16:44:14.429Z] >>> [apiv2][query] GET https://firebase.googleapis.com/v1beta1/availableProjects pageSize=100
[debug] [2022-10-18T16:44:15.328Z] <<< [apiv2][status] GET https://firebase.googleapis.com/v1beta1/availableProjects 200
[debug] [2022-10-18T16:44:15.328Z] <<< [apiv2][body] GET https://firebase.googleapis.com/v1beta1/availableProjects [omitted]
[debug] [2022-10-18T16:44:31.091Z] >>> [apiv2][query] POST https://firebase.googleapis.com/v1beta1/projects/manifest-craft-356715:addFirebase [none]
[debug] [2022-10-18T16:44:33.244Z] <<< [apiv2][status] POST https://firebase.googleapis.com/v1beta1/projects/manifest-craft-356715:addFirebase 200
[debug] [2022-10-18T16:44:33.245Z] <<< [apiv2][body] POST https://firebase.googleapis.com/v1beta1/projects/manifest-craft-356715:addFirebase {"name":"operations/workflows/NWNlZGFhMWEtMThkNy00MzZiLThmODktZjI3MWYzM2Y3OTcw"}
[debug] [2022-10-18T16:44:33.249Z] >>> [apiv2][query] GET https://firebase.googleapis.com/v1beta1/operations/workflows/NWNlZGFhMWEtMThkNy00MzZiLThmODktZjI3MWYzM2Y3OTcw [none]
[debug] [2022-10-18T16:44:33.936Z] <<< [apiv2][status] GET https://firebase.googleapis.com/v1beta1/operations/workflows/NWNlZGFhMWEtMThkNy00MzZiLThmODktZjI3MWYzM2Y3OTcw 200
[debug] [2022-10-18T16:44:33.937Z] <<< [apiv2][body] GET https://firebase.googleapis.com/v1beta1/operations/workflows/NWNlZGFhMWEtMThkNy00MzZiLThmODktZjI3MWYzM2Y3OTcw {"name":"operations/workflows/NWNlZGFhMWEtMThkNy00MzZiLThmODktZjI3MWYzM2Y3OTcw"}
[debug] [2022-10-18T16:44:34.440Z] [Add Firebase Poller] Retrying task index 0
[debug] [2022-10-18T16:44:34.441Z] >>> [apiv2][query] GET https://firebase.googleapis.com/v1beta1/operations/workflows/NWNlZGFhMWEtMThkNy00MzZiLThmODktZjI3MWYzM2Y3OTcw [none]
[debug] [2022-10-18T16:44:35.154Z] <<< [apiv2][status] GET https://firebase.googleapis.com/v1beta1/operations/workflows/NWNlZGFhMWEtMThkNy00MzZiLThmODktZjI3MWYzM2Y3OTcw 200
[debug] [2022-10-18T16:44:35.155Z] <<< [apiv2][body] GET https://firebase.googleapis.com/v1beta1/operations/workflows/NWNlZGFhMWEtMThkNy00MzZiLThmODktZjI3MWYzM2Y3OTcw {"name":"operations/workflows/NWNlZGFhMWEtMThkNy00MzZiLThmODktZjI3MWYzM2Y3OTcw"}
[debug] [2022-10-18T16:44:36.164Z] [Add Firebase Poller] Retrying task index 0
[debug] [2022-10-18T16:44:36.166Z] >>> [apiv2][query] GET https://firebase.googleapis.com/v1beta1/operations/workflows/NWNlZGFhMWEtMThkNy00MzZiLThmODktZjI3MWYzM2Y3OTcw [none]
[debug] [2022-10-18T16:44:36.861Z] <<< [apiv2][status] GET https://firebase.googleapis.com/v1beta1/operations/workflows/NWNlZGFhMWEtMThkNy00MzZiLThmODktZjI3MWYzM2Y3OTcw 200
[debug] [2022-10-18T16:44:36.862Z] <<< [apiv2][body] GET https://firebase.googleapis.com/v1beta1/operations/workflows/NWNlZGFhMWEtMThkNy00MzZiLThmODktZjI3MWYzM2Y3OTcw {"name":"operations/workflows/NWNlZGFhMWEtMThkNy00MzZiLThmODktZjI3MWYzM2Y3OTcw"}
[debug] [2022-10-18T16:44:38.866Z] [Add Firebase Poller] Retrying task index 0
[debug] [2022-10-18T16:44:38.870Z] >>> [apiv2][query] GET https://firebase.googleapis.com/v1beta1/operations/workflows/NWNlZGFhMWEtMThkNy00MzZiLThmODktZjI3MWYzM2Y3OTcw [none]
[debug] [2022-10-18T16:44:39.564Z] <<< [apiv2][status] GET https://firebase.googleapis.com/v1beta1/operations/workflows/NWNlZGFhMWEtMThkNy00MzZiLThmODktZjI3MWYzM2Y3OTcw 200
[debug] [2022-10-18T16:44:39.565Z] <<< [apiv2][body] GET https://firebase.googleapis.com/v1beta1/operations/workflows/NWNlZGFhMWEtMThkNy00MzZiLThmODktZjI3MWYzM2Y3OTcw {"name":"operations/workflows/NWNlZGFhMWEtMThkNy00MzZiLThmODktZjI3MWYzM2Y3OTcw"}
[debug] [2022-10-18T16:44:43.579Z] [Add Firebase Poller] Retrying task index 0
[debug] [2022-10-18T16:44:43.581Z] >>> [apiv2][query] GET https://firebase.googleapis.com/v1beta1/operations/workflows/NWNlZGFhMWEtMThkNy00MzZiLThmODktZjI3MWYzM2Y3OTcw [none]
[debug] [2022-10-18T16:44:44.267Z] <<< [apiv2][status] GET https://firebase.googleapis.com/v1beta1/operations/workflows/NWNlZGFhMWEtMThkNy00MzZiLThmODktZjI3MWYzM2Y3OTcw 200
[debug] [2022-10-18T16:44:44.267Z] <<< [apiv2][body] GET https://firebase.googleapis.com/v1beta1/operations/workflows/NWNlZGFhMWEtMThkNy00MzZiLThmODktZjI3MWYzM2Y3OTcw {"name":"operations/workflows/NWNlZGFhMWEtMThkNy00MzZiLThmODktZjI3MWYzM2Y3OTcw","done":true,"response":{"@type":"type.googleapis.com/google.firebase.service.v1beta1.FirebaseProject","projectId":"manifest-craft-356715","projectNumber":"363765713184","displayName":"My First Project","name":"projects/manifest-craft-356715","resources":{"hostingSite":"manifest-craft-356715"}}}
[info] 
[info] === Your Firebase project is ready! ===
[info] 
[info] Project information:
[info]    - Project ID: manifest-craft-356715
[info]    - Project Name: My First Project
[info] 
[info] Firebase console is available at
[info] https://console.firebase.google.com/project/manifest-craft-356715/overview
[info] i  Using project manifest-craft-356715 (My First Project) 
[info] 
=== Hosting Setup
[info] 
[info] Your public directory is the folder (relative to your project directory) that
[info] will contain Hosting assets to be uploaded with firebase deploy. If you
[info] have a build process for your assets, use your build's output directory.
[info] 
[debug] [2022-10-18T16:45:26.179Z] >>> [apiv2][query] GET https://www.gstatic.com/firebasejs/releases.json [none]
[debug] [2022-10-18T16:45:26.433Z] <<< [apiv2][status] GET https://www.gstatic.com/firebasejs/releases.json 200
[debug] [2022-10-18T16:45:26.434Z] <<< [apiv2][body] GET https://www.gstatic.com/firebasejs/releases.json {"current":{"version":"9.12.1","browserURL":"https://www.gstatic.com/firebasejs/9.12.1/firebase.js","packageURL":"https://www.gstatic.com/firebasejs/9.12.1/firebase.tgz"},"live":{"version":"9.12","browserURL":"https://www.gstatic.com/firebasejs/live/9.12/firebase.js","packageURL":"https://www.gstatic.com/firebasejs/live/9.12/firebase.tgz"},"components":{"analytics":"https://www.gstatic.com/firebasejs/9.12.1/firebase-analytics.js","app":"https://www.gstatic.com/firebasejs/9.12.1/firebase-app.js","app-check":"https://www.gstatic.com/firebasejs/9.12.1/firebase-app-check.js","auth":"https://www.gstatic.com/firebasejs/9.12.1/firebase-auth.js","auth/cordova":"https://www.gstatic.com/firebasejs/9.12.1/firebase-auth/cordova.js","auth/react-native":"https://www.gstatic.com/firebasejs/9.12.1/firebase-auth/react-native.js","functions":"https://www.gstatic.com/firebasejs/9.12.1/firebase-functions.js","firestore":"https://www.gstatic.com/firebasejs/9.12.1/firebase-firestore.js","firestore/lite":"https://www.gstatic.com/firebasejs/9.12.1/firebase-firestore/lite.js","installations":"https://www.gstatic.com/firebasejs/9.12.1/firebase-installations.js","storage":"https://www.gstatic.com/firebasejs/9.12.1/firebase-storage.js","performance":"https://www.gstatic.com/firebasejs/9.12.1/firebase-performance.js","remote-config":"https://www.gstatic.com/firebasejs/9.12.1/firebase-remote-config.js","messaging":"https://www.gstatic.com/firebasejs/9.12.1/firebase-messaging.js","messaging/sw":"https://www.gstatic.com/firebasejs/9.12.1/firebase-messaging/sw.js","database":"https://www.gstatic.com/firebasejs/9.12.1/firebase-database.js","firestore.memory":"https://www.gstatic.com/firebasejs/9.12.1/firebase-firestore.memory.js"}}
[info] +  Wrote public/index.html 
[info] 
[info] i  Detected a .git folder at C:\Users\DELL\Documents\auth-alpine 
[info] i  Authorizing with GitHub to upload your service account to a GitHub repository's secrets store. 
[info] 
[info] Visit this URL on this device to log in:
[info] https://github.com/login/oauth/authorize?client_id=89cf50f02ac6aaed3484&state=681852638&redirect_uri=http%3A%2F%2Flocalhost%3A9005&scope=read%3Auser%20repo%20public_repo
[info] 
[info] Waiting for authentication...
[debug] [2022-10-18T16:45:33.598Z] >>> [apiv2][query] POST https://github.com/login/oauth/access_token [none]
[debug] [2022-10-18T16:45:33.599Z] >>> [apiv2][body] POST https://github.com/login/oauth/access_token [stream]
[debug] [2022-10-18T16:45:34.210Z] <<< [apiv2][status] POST https://github.com/login/oauth/access_token 200
[debug] [2022-10-18T16:45:34.211Z] <<< [apiv2][body] POST https://github.com/login/oauth/access_token {"access_token":"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","token_type":"bearer","scope":"read:user,repo"}
[debug] [2022-10-18T16:45:34.231Z] >>> [apiv2][query] GET https://api.github.com/user [none]
[debug] [2022-10-18T16:45:34.821Z] <<< [apiv2][status] GET https://api.github.com/user 200
[debug] [2022-10-18T16:45:34.821Z] <<< [apiv2][body] GET https://api.github.com/user {"login":"adeniji-adebanjo","id":88879951,"node_id":"MDQ6VXNlcjg4ODc5OTUx","avatar_url":"https://avatars.githubusercontent.com/u/88879951?v=4","gravatar_id":"","url":"https://api.github.com/users/adeniji-adebanjo","html_url":"https://github.com/adeniji-adebanjo","followers_url":"https://api.github.com/users/adeniji-adebanjo/followers","following_url":"https://api.github.com/users/adeniji-adebanjo/following{/other_user}","gists_url":"https://api.github.com/users/adeniji-adebanjo/gists{/gist_id}","starred_url":"https://api.github.com/users/adeniji-adebanjo/starred{/owner}{/repo}","subscriptions_url":"https://api.github.com/users/adeniji-adebanjo/subscriptions","organizations_url":"https://api.github.com/users/adeniji-adebanjo/orgs","repos_url":"https://api.github.com/users/adeniji-adebanjo/repos","events_url":"https://api.github.com/users/adeniji-adebanjo/events{/privacy}","received_events_url":"https://api.github.com/users/adeniji-adebanjo/received_events","type":"User","site_admin":false,"name":"Adebanjo Adeniji","company":"Elite Career Solutions","blog":"","location":"Gauteng, SA","email":null,"hireable":true,"bio":"Frontend Web Developer || Software Engineer || ","twitter_username":"AA_Ebenezer","public_repos":12,"public_gists":0,"followers":2,"following":1,"created_at":"2021-08-13T08:29:24Z","updated_at":"2022-10-04T09:52:57Z","private_gists":0,"total_private_repos":2,"owned_private_repos":2,"disk_usage":88153,"collaborators":0,"two_factor_authentication":false,"plan":{"name":"free","space":976562499,"collaborators":0,"private_repos":10000}}
[info] 
[info] +  Success! Logged into GitHub as adeniji-adebanjo 
[info] 
[debug] [2022-10-18T16:45:51.117Z] >>> [apiv2][query] GET https://api.github.com/repos//actions/secrets/public-key type=owner
[debug] [2022-10-18T16:45:51.958Z] <<< [apiv2][status] GET https://api.github.com/repos//actions/secrets/public-key 404
[debug] [2022-10-18T16:45:51.958Z] <<< [apiv2][body] GET https://api.github.com/repos//actions/secrets/public-key {"message":"Not Found","documentation_url":"https://docs.github.com/rest"}
[debug] [2022-10-18T16:45:53.761Z] >>> [apiv2][query] GET https://api.github.com/repos//actions/secrets/public-key type=owner
[debug] [2022-10-18T16:45:54.258Z] <<< [apiv2][status] GET https://api.github.com/repos//actions/secrets/public-key 404
[debug] [2022-10-18T16:45:54.258Z] <<< [apiv2][body] GET https://api.github.com/repos//actions/secrets/public-key {"message":"Not Found","documentation_url":"https://docs.github.com/rest"}
[debug] [2022-10-18T16:47:54.143Z] >>> [apiv2][query] GET https://api.github.com/repos/user/repository/actions/secrets/public-key type=owner
[debug] [2022-10-18T16:47:54.627Z] <<< [apiv2][status] GET https://api.github.com/repos/user/repository/actions/secrets/public-key 404
[debug] [2022-10-18T16:47:54.628Z] <<< [apiv2][body] GET https://api.github.com/repos/user/repository/actions/secrets/public-key {"message":"Not Found","documentation_url":"https://docs.github.com/rest/reference/actions#get-a-repository-public-key"}
[debug] [2022-10-18T16:47:55.521Z] >>> [apiv2][query] GET https://api.github.com/repos/user/repository/actions/secrets/public-key type=owner
[debug] [2022-10-18T16:47:56.000Z] <<< [apiv2][status] GET https://api.github.com/repos/user/repository/actions/secrets/public-key 404
[debug] [2022-10-18T16:47:56.001Z] <<< [apiv2][body] GET https://api.github.com/repos/user/repository/actions/secrets/public-key {"message":"Not Found","documentation_url":"https://docs.github.com/rest/reference/actions#get-a-repository-public-key"}
[debug] [2022-10-18T16:49:05.667Z] >>> [apiv2][query] GET https://api.github.com/repos//actions/secrets/public-key type=owner
[debug] [2022-10-18T16:49:06.370Z] >>> [apiv2][query] GET https://api.github.com/repos//actions/secrets/public-key type=owner
[debug] [2022-10-18T16:49:06.449Z] <<< [apiv2][status] GET https://api.github.com/repos//actions/secrets/public-key 404
[debug] [2022-10-18T16:49:06.449Z] <<< [apiv2][body] GET https://api.github.com/repos//actions/secrets/public-key {"message":"Not Found","documentation_url":"https://docs.github.com/rest"}
[debug] [2022-10-18T16:49:06.886Z] <<< [apiv2][status] GET https://api.github.com/repos//actions/secrets/public-key 404
[debug] [2022-10-18T16:49:06.886Z] <<< [apiv2][body] GET https://api.github.com/repos//actions/secrets/public-key {"message":"Not Found","documentation_url":"https://docs.github.com/rest"}
